<?xml version="1.0" encoding="UTF-8"?>
<!-- Generated by org.testng.reporters.JUnitReportReporter -->
<testsuite hostname="ICS-LTP-VELSEL" failures="0" tests="1" name="testCases.Tc_002_LoginTest" time="7.896" errors="0" timestamp="2023-12-05T18:36:49 NZDT" skipped="0">
  <testcase classname="testCases.Tc_002_LoginTest" name="verify_login" time="7.896"/>
</testsuite> <!-- testCases.Tc_002_LoginTest -->
