<?xml version="1.0" encoding="UTF-8"?>
<!-- Generated by org.testng.reporters.JUnitReportReporter -->
<testsuite hostname="ICS-LTP-VELSEL" failures="0" tests="5" name="testCases.TC_003_LoginDDT" time="48.342" errors="0" timestamp="2023-12-05T18:36:49 NZDT" skipped="0">
  <testcase classname="testCases.TC_003_LoginDDT" name="verify_loginDDT" time="3.344"/>
  <testcase classname="testCases.TC_003_LoginDDT" name="verify_loginDDT" time="3.655"/>
  <testcase classname="testCases.TC_003_LoginDDT" name="verify_loginDDT" time="13.676"/>
  <testcase classname="testCases.TC_003_LoginDDT" name="verify_loginDDT" time="13.801"/>
  <testcase classname="testCases.TC_003_LoginDDT" name="verify_loginDDT" time="13.866"/>
</testsuite> <!-- testCases.TC_003_LoginDDT -->
