<?xml version="1.0" encoding="UTF-8"?>
<!-- Generated by org.testng.reporters.JUnitReportReporter -->
<testsuite hostname="ICS-LTP-VELSEL" failures="0" tests="1" name="testCases.Tc_002_LoginTest" time="3.684" errors="0" timestamp="2023-12-08T06:48:08 NZDT" skipped="0">
  <testcase classname="testCases.Tc_002_LoginTest" name="verify_login" time="3.684"/>
</testsuite> <!-- testCases.Tc_002_LoginTest -->
