<?xml version="1.0" encoding="UTF-8"?>
<!-- Generated by org.testng.reporters.JUnitReportReporter -->
<testsuite hostname="ICS-LTP-VELSEL" failures="0" tests="1" name="testCases.TC_004_logout" time="13.665" errors="0" timestamp="2023-12-08T06:48:08 NZDT" skipped="0">
  <testcase classname="testCases.TC_004_logout" name="verify_logout" time="13.665"/>
</testsuite> <!-- testCases.TC_004_logout -->
