<?xml version="1.0" encoding="UTF-8"?>
<!-- Generated by org.testng.reporters.JUnitReportReporter -->
<testsuite hostname="ICS-LTP-VELSEL" failures="0" tests="1" name="testCases.TC_001_verify_account_registration" time="4.297" errors="0" timestamp="2023-12-08T06:48:08 NZDT" skipped="0">
  <testcase classname="testCases.TC_001_verify_account_registration" name="verify_account_reg" time="4.297"/>
</testsuite> <!-- testCases.TC_001_verify_account_registration -->
