<?xml version="1.0" encoding="UTF-8"?>
<!-- Generated by org.testng.reporters.JUnitReportReporter -->
<testsuite hostname="ICS-LTP-VELSEL" failures="0" tests="5" name="testCases.TC_003_LoginDDT" time="48.807" errors="0" timestamp="2023-12-08T06:48:08 NZDT" skipped="0">
  <testcase classname="testCases.TC_003_LoginDDT" name="verify_loginDDT" time="3.458"/>
  <testcase classname="testCases.TC_003_LoginDDT" name="verify_loginDDT" time="14.085"/>
  <testcase classname="testCases.TC_003_LoginDDT" name="verify_loginDDT" time="3.410"/>
  <testcase classname="testCases.TC_003_LoginDDT" name="verify_loginDDT" time="13.959"/>
  <testcase classname="testCases.TC_003_LoginDDT" name="verify_loginDDT" time="13.895"/>
</testsuite> <!-- testCases.TC_003_LoginDDT -->
